# JRE version: OpenJDK Runtime Environment (17.0.6) (build 17.0.6+0-b2043.56-10027231)
# Java VM: OpenJDK 64-Bit Server VM (17.0.6+0-b2043.56-10027231, mixed mode, tiered, compressed oops, compressed class ptrs, parallel gc, windows-amd64)
GC Precious Log:
 CPUs: 12 total, 12 available
 Memory: 16170M
 Large Page Support: Disabled
 NUMA Support: Disabled
 Compressed Oops: Enabled (Zero based)
 Alignments: Space 512K, Generation 512K, Heap 2M
 Heap Min Capacity: 8M
 Heap Initial Capacity: 254M
 Heap Max Capacity: 4G
 Pre-touch: Disabled
 Parallel Workers: 10
Heap:
 PSYoungGen      total 313856K, used 212821K [0x00000007aab00000, 0x00000007c2300000, 0x0000000800000000)
  eden space 285184K, 67% used [0x00000007aab00000,0x00000007b65ac730,0x00000007bc180000)
  from space 28672K, 75% used [0x00000007beb80000,0x00000007c00a9008,0x00000007c0780000)
  to   space 43008K, 0% used [0x00000007bc180000,0x00000007bc180000,0x00000007beb80000)
 ParOldGen       total 242688K, used 206777K [0x0000000700000000, 0x000000070ed00000, 0x00000007aab00000)
  object space 242688K, 85% used [0x0000000700000000,0x000000070c9ee520,0x000000070ed00000)
 Metaspace       used 122590K, committed 123712K, reserved 1163264K
  class space    used 16506K, committed 17024K, reserved 1048576K
GC Heap History (20 events):
Event: 14.998 GC heap before
{Heap before GC invocations=27 (full 4):
 PSYoungGen      total 91136K, used 80448K [0x00000007aab00000, 0x00000007b1380000, 0x0000000800000000)
  eden space 76288K, 100% used [0x00000007aab00000,0x00000007af580000,0x00000007af580000)
  from space 14848K, 28% used [0x00000007b0500000,0x00000007b0910000,0x00000007b1380000)
  to   space 15360K, 0% used [0x00000007af580000,0x00000007af580000,0x00000007b0480000)
 ParOldGen       total 173568K, used 106936K [0x0000000700000000, 0x000000070a980000, 0x00000007aab00000)
  object space 173568K, 61% used [0x0000000700000000,0x000000070686e080,0x000000070a980000)
 Metaspace       used 103492K, committed 104256K, reserved 1138688K
  class space    used 14173K, committed 14528K, reserved 1048576K
}
Event: 15.002 GC heap after
{Heap after GC invocations=27 (full 4):
 PSYoungGen      total 91648K, used 8544K [0x00000007aab00000, 0x00000007b4080000, 0x0000000800000000)
  eden space 76288K, 0% used [0x00000007aab00000,0x00000007aab00000,0x00000007af580000)
  from space 15360K, 55% used [0x00000007af580000,0x00000007afdd8040,0x00000007b0480000)
  to   space 15360K, 0% used [0x00000007b3180000,0x00000007b3180000,0x00000007b4080000)
 ParOldGen       total 173568K, used 108752K [0x0000000700000000, 0x000000070a980000, 0x00000007aab00000)
  object space 173568K, 62% used [0x0000000700000000,0x0000000706a340c0,0x000000070a980000)
 Metaspace       used 103492K, committed 104256K, reserved 1138688K
  class space    used 14173K, committed 14528K, reserved 1048576K
}
Event: 15.223 GC heap before
{Heap before GC invocations=28 (full 4):
 PSYoungGen      total 91648K, used 84832K [0x00000007aab00000, 0x00000007b4080000, 0x0000000800000000)
  eden space 76288K, 100% used [0x00000007aab00000,0x00000007af580000,0x00000007af580000)
  from space 15360K, 55% used [0x00000007af580000,0x00000007afdd8040,0x00000007b0480000)
  to   space 15360K, 0% used [0x00000007b3180000,0x00000007b3180000,0x00000007b4080000)
 ParOldGen       total 173568K, used 108752K [0x0000000700000000, 0x000000070a980000, 0x00000007aab00000)
  object space 173568K, 62% used [0x0000000700000000,0x0000000706a340c0,0x000000070a980000)
 Metaspace       used 103640K, committed 104384K, reserved 1138688K
  class space    used 14175K, committed 14528K, reserved 1048576K
}
Event: 15.229 GC heap after
{Heap after GC invocations=28 (full 4):
 PSYoungGen      total 135680K, used 6880K [0x00000007aab00000, 0x00000007b3e80000, 0x0000000800000000)
  eden space 122368K, 0% used [0x00000007aab00000,0x00000007aab00000,0x00000007b2280000)
  from space 13312K, 51% used [0x00000007b3180000,0x00000007b3838000,0x00000007b3e80000)
  to   space 14336K, 0% used [0x00000007b2280000,0x00000007b2280000,0x00000007b3080000)
 ParOldGen       total 173568K, used 114551K [0x0000000700000000, 0x000000070a980000, 0x00000007aab00000)
  object space 173568K, 65% used [0x0000000700000000,0x0000000706fddfa0,0x000000070a980000)
 Metaspace       used 103640K, committed 104384K, reserved 1138688K
  class space    used 14175K, committed 14528K, reserved 1048576K
}
Event: 15.646 GC heap before
{Heap before GC invocations=29 (full 4):
 PSYoungGen      total 135680K, used 129248K [0x00000007aab00000, 0x00000007b3e80000, 0x0000000800000000)
  eden space 122368K, 100% used [0x00000007aab00000,0x00000007b2280000,0x00000007b2280000)
  from space 13312K, 51% used [0x00000007b3180000,0x00000007b3838000,0x00000007b3e80000)
  to   space 14336K, 0% used [0x00000007b2280000,0x00000007b2280000,0x00000007b3080000)
 ParOldGen       total 173568K, used 114551K [0x0000000700000000, 0x000000070a980000, 0x00000007aab00000)
  object space 173568K, 65% used [0x0000000700000000,0x0000000706fddfa0,0x000000070a980000)
 Metaspace       used 103787K, committed 104512K, reserved 1146880K
  class space    used 14194K, committed 14528K, reserved 1048576K
}
Event: 15.652 GC heap after
{Heap after GC invocations=29 (full 4):
 PSYoungGen      total 136704K, used 9712K [0x00000007aab00000, 0x00000007b6f80000, 0x0000000800000000)
  eden space 122368K, 0% used [0x00000007aab00000,0x00000007aab00000,0x00000007b2280000)
  from space 14336K, 67% used [0x00000007b2280000,0x00000007b2bfc030,0x00000007b3080000)
  to   space 14848K, 0% used [0x00000007b6100000,0x00000007b6100000,0x00000007b6f80000)
 ParOldGen       total 173568K, used 118747K [0x0000000700000000, 0x000000070a980000, 0x00000007aab00000)
  object space 173568K, 68% used [0x0000000700000000,0x00000007073f6e80,0x000000070a980000)
 Metaspace       used 103787K, committed 104512K, reserved 1146880K
  class space    used 14194K, committed 14528K, reserved 1048576K
}
Event: 16.991 GC heap before
{Heap before GC invocations=30 (full 4):
 PSYoungGen      total 136704K, used 132080K [0x00000007aab00000, 0x00000007b6f80000, 0x0000000800000000)
  eden space 122368K, 100% used [0x00000007aab00000,0x00000007b2280000,0x00000007b2280000)
  from space 14336K, 67% used [0x00000007b2280000,0x00000007b2bfc030,0x00000007b3080000)
  to   space 14848K, 0% used [0x00000007b6100000,0x00000007b6100000,0x00000007b6f80000)
 ParOldGen       total 173568K, used 118747K [0x0000000700000000, 0x000000070a980000, 0x00000007aab00000)
  object space 173568K, 68% used [0x0000000700000000,0x00000007073f6e80,0x000000070a980000)
 Metaspace       used 104890K, committed 105600K, reserved 1146880K
  class space    used 14325K, committed 14656K, reserved 1048576K
}
Event: 16.998 GC heap after
{Heap after GC invocations=30 (full 4):
 PSYoungGen      total 186368K, used 8979K [0x00000007aab00000, 0x00000007b6f80000, 0x0000000800000000)
  eden space 171520K, 0% used [0x00000007aab00000,0x00000007aab00000,0x00000007b5280000)
  from space 14848K, 60% used [0x00000007b6100000,0x00000007b69c4c30,0x00000007b6f80000)
  to   space 14848K, 0% used [0x00000007b5280000,0x00000007b5280000,0x00000007b6100000)
 ParOldGen       total 173568K, used 126043K [0x0000000700000000, 0x000000070a980000, 0x00000007aab00000)
  object space 173568K, 72% used [0x0000000700000000,0x0000000707b16f30,0x000000070a980000)
 Metaspace       used 104890K, committed 105600K, reserved 1146880K
  class space    used 14325K, committed 14656K, reserved 1048576K
}
Event: 17.464 GC heap before
{Heap before GC invocations=31 (full 4):
 PSYoungGen      total 186368K, used 180499K [0x00000007aab00000, 0x00000007b6f80000, 0x0000000800000000)
  eden space 171520K, 100% used [0x00000007aab00000,0x00000007b5280000,0x00000007b5280000)
  from space 14848K, 60% used [0x00000007b6100000,0x00000007b69c4c30,0x00000007b6f80000)
  to   space 14848K, 0% used [0x00000007b5280000,0x00000007b5280000,0x00000007b6100000)
 ParOldGen       total 173568K, used 126043K [0x0000000700000000, 0x000000070a980000, 0x00000007aab00000)
  object space 173568K, 72% used [0x0000000700000000,0x0000000707b16f30,0x000000070a980000)
 Metaspace       used 106155K, committed 106944K, reserved 1146880K
  class space    used 14518K, committed 14912K, reserved 1048576K
}
Event: 17.472 GC heap after
{Heap after GC invocations=31 (full 4):
 PSYoungGen      total 186368K, used 9917K [0x00000007aab00000, 0x00000007bb280000, 0x0000000800000000)
  eden space 171520K, 0% used [0x00000007aab00000,0x00000007aab00000,0x00000007b5280000)
  from space 14848K, 66% used [0x00000007b5280000,0x00000007b5c2f7b8,0x00000007b6100000)
  to   space 14848K, 0% used [0x00000007ba400000,0x00000007ba400000,0x00000007bb280000)
 ParOldGen       total 173568K, used 132735K [0x0000000700000000, 0x000000070a980000, 0x00000007aab00000)
  object space 173568K, 76% used [0x0000000700000000,0x000000070819ffc0,0x000000070a980000)
 Metaspace       used 106155K, committed 106944K, reserved 1146880K
  class space    used 14518K, committed 14912K, reserved 1048576K
}
Event: 53.145 GC heap before
{Heap before GC invocations=32 (full 4):
 PSYoungGen      total 186368K, used 181435K [0x00000007aab00000, 0x00000007bb280000, 0x0000000800000000)
  eden space 171520K, 99% used [0x00000007aab00000,0x00000007b527f650,0x00000007b5280000)
  from space 14848K, 66% used [0x00000007b5280000,0x00000007b5c2f7b8,0x00000007b6100000)
  to   space 14848K, 0% used [0x00000007ba400000,0x00000007ba400000,0x00000007bb280000)
 ParOldGen       total 173568K, used 132735K [0x0000000700000000, 0x000000070a980000, 0x00000007aab00000)
  object space 173568K, 76% used [0x0000000700000000,0x000000070819ffc0,0x000000070a980000)
 Metaspace       used 109933K, committed 110912K, reserved 1146880K
  class space    used 15090K, committed 15552K, reserved 1048576K
}
Event: 53.159 GC heap after
{Heap after GC invocations=32 (full 4):
 PSYoungGen      total 241152K, used 14844K [0x00000007aab00000, 0x00000007bcd80000, 0x0000000800000000)
  eden space 226304K, 0% used [0x00000007aab00000,0x00000007aab00000,0x00000007b8800000)
  from space 14848K, 99% used [0x00000007ba400000,0x00000007bb27f070,0x00000007bb280000)
  to   space 28672K, 0% used [0x00000007b8800000,0x00000007b8800000,0x00000007ba400000)
 ParOldGen       total 173568K, used 164454K [0x0000000700000000, 0x000000070a980000, 0x00000007aab00000)
  object space 173568K, 94% used [0x0000000700000000,0x000000070a099988,0x000000070a980000)
 Metaspace       used 109933K, committed 110912K, reserved 1146880K
  class space    used 15090K, committed 15552K, reserved 1048576K
}
Event: 53.159 GC heap before
{Heap before GC invocations=33 (full 5):
 PSYoungGen      total 241152K, used 14844K [0x00000007aab00000, 0x00000007bcd80000, 0x0000000800000000)
  eden space 226304K, 0% used [0x00000007aab00000,0x00000007aab00000,0x00000007b8800000)
  from space 14848K, 99% used [0x00000007ba400000,0x00000007bb27f070,0x00000007bb280000)
  to   space 28672K, 0% used [0x00000007b8800000,0x00000007b8800000,0x00000007ba400000)
 ParOldGen       total 173568K, used 164454K [0x0000000700000000, 0x000000070a980000, 0x00000007aab00000)
  object space 173568K, 94% used [0x0000000700000000,0x000000070a099988,0x000000070a980000)
 Metaspace       used 109933K, committed 110912K, reserved 1146880K
  class space    used 15090K, committed 15552K, reserved 1048576K
}
Event: 53.276 GC heap after
{Heap after GC invocations=33 (full 5):
 PSYoungGen      total 254976K, used 0K [0x00000007aab00000, 0x00000007c0780000, 0x0000000800000000)
  eden space 226304K, 0% used [0x00000007aab00000,0x00000007aab00000,0x00000007b8800000)
  from space 28672K, 0% used [0x00000007b8800000,0x00000007b8800000,0x00000007ba400000)
  to   space 28672K, 0% used [0x00000007beb80000,0x00000007beb80000,0x00000007c0780000)
 ParOldGen       total 242688K, used 144361K [0x0000000700000000, 0x000000070ed00000, 0x00000007aab00000)
  object space 242688K, 59% used [0x0000000700000000,0x0000000708cfa4a8,0x000000070ed00000)
 Metaspace       used 109933K, committed 110912K, reserved 1146880K
  class space    used 15090K, committed 15552K, reserved 1048576K
}
Event: 54.953 GC heap before
{Heap before GC invocations=34 (full 5):
 PSYoungGen      total 254976K, used 226304K [0x00000007aab00000, 0x00000007c0780000, 0x0000000800000000)
  eden space 226304K, 100% used [0x00000007aab00000,0x00000007b8800000,0x00000007b8800000)
  from space 28672K, 0% used [0x00000007b8800000,0x00000007b8800000,0x00000007ba400000)
  to   space 28672K, 0% used [0x00000007beb80000,0x00000007beb80000,0x00000007c0780000)
 ParOldGen       total 242688K, used 144361K [0x0000000700000000, 0x000000070ed00000, 0x00000007aab00000)
  object space 242688K, 59% used [0x0000000700000000,0x0000000708cfa4a8,0x000000070ed00000)
 Metaspace       used 113872K, committed 114944K, reserved 1155072K
  class space    used 15596K, committed 16128K, reserved 1048576K
}
Event: 54.971 GC heap after
{Heap after GC invocations=34 (full 5):
 PSYoungGen      total 313856K, used 28666K [0x00000007aab00000, 0x00000007c2300000, 0x0000000800000000)
  eden space 285184K, 0% used [0x00000007aab00000,0x00000007aab00000,0x00000007bc180000)
  from space 28672K, 99% used [0x00000007beb80000,0x00000007c077e8f0,0x00000007c0780000)
  to   space 43008K, 0% used [0x00000007bc180000,0x00000007bc180000,0x00000007beb80000)
 ParOldGen       total 242688K, used 171406K [0x0000000700000000, 0x000000070ed00000, 0x00000007aab00000)
  object space 242688K, 70% used [0x0000000700000000,0x000000070a763858,0x000000070ed00000)
 Metaspace       used 113872K, committed 114944K, reserved 1155072K
  class space    used 15596K, committed 16128K, reserved 1048576K
}
Event: 58.288 GC heap before
{Heap before GC invocations=35 (full 5):
 PSYoungGen      total 313856K, used 313850K [0x00000007aab00000, 0x00000007c2300000, 0x0000000800000000)
  eden space 285184K, 100% used [0x00000007aab00000,0x00000007bc180000,0x00000007bc180000)
  from space 28672K, 99% used [0x00000007beb80000,0x00000007c077e8f0,0x00000007c0780000)
  to   space 43008K, 0% used [0x00000007bc180000,0x00000007bc180000,0x00000007beb80000)
 ParOldGen       total 242688K, used 171406K [0x0000000700000000, 0x000000070ed00000, 0x00000007aab00000)
  object space 242688K, 70% used [0x0000000700000000,0x000000070a763858,0x000000070ed00000)
 Metaspace       used 113874K, committed 114944K, reserved 1155072K
  class space    used 15596K, committed 16128K, reserved 1048576K
}
Event: 58.299 GC heap after
{Heap after GC invocations=35 (full 5):
 PSYoungGen      total 328192K, used 9216K [0x00000007aab00000, 0x00000007c2300000, 0x0000000800000000)
  eden space 285184K, 0% used [0x00000007aab00000,0x00000007aab00000,0x00000007bc180000)
  from space 43008K, 21% used [0x00000007bc180000,0x00000007bca80040,0x00000007beb80000)
  to   space 28672K, 0% used [0x00000007beb80000,0x00000007beb80000,0x00000007c0780000)
 ParOldGen       total 242688K, used 200053K [0x0000000700000000, 0x000000070ed00000, 0x00000007aab00000)
  object space 242688K, 82% used [0x0000000700000000,0x000000070c35d510,0x000000070ed00000)
 Metaspace       used 113874K, committed 114944K, reserved 1155072K
  class space    used 15596K, committed 16128K, reserved 1048576K
}
Event: 60.868 GC heap before
{Heap before GC invocations=36 (full 5):
 PSYoungGen      total 328192K, used 294400K [0x00000007aab00000, 0x00000007c2300000, 0x0000000800000000)
  eden space 285184K, 100% used [0x00000007aab00000,0x00000007bc180000,0x00000007bc180000)
  from space 43008K, 21% used [0x00000007bc180000,0x00000007bca80040,0x00000007beb80000)
  to   space 28672K, 0% used [0x00000007beb80000,0x00000007beb80000,0x00000007c0780000)
 ParOldGen       total 242688K, used 200053K [0x0000000700000000, 0x000000070ed00000, 0x00000007aab00000)
  object space 242688K, 82% used [0x0000000700000000,0x000000070c35d510,0x000000070ed00000)
 Metaspace       used 120303K, committed 121280K, reserved 1155072K
  class space    used 16213K, committed 16704K, reserved 1048576K
}
Event: 60.880 GC heap after
{Heap after GC invocations=36 (full 5):
 PSYoungGen      total 313856K, used 21668K [0x00000007aab00000, 0x00000007c2300000, 0x0000000800000000)
  eden space 285184K, 0% used [0x00000007aab00000,0x00000007aab00000,0x00000007bc180000)
  from space 28672K, 75% used [0x00000007beb80000,0x00000007c00a9008,0x00000007c0780000)
  to   space 43008K, 0% used [0x00000007bc180000,0x00000007bc180000,0x00000007beb80000)
 ParOldGen       total 242688K, used 206777K [0x0000000700000000, 0x000000070ed00000, 0x00000007aab00000)
  object space 242688K, 85% used [0x0000000700000000,0x000000070c9ee520,0x000000070ed00000)
 Metaspace       used 120303K, committed 121280K, reserved 1155072K
  class space    used 16213K, committed 16704K, reserved 1048576K
}

